<?xml version="1.0" encoding="UTF-8"?>
<!-- Generated by org.testng.reporters.JUnitReportReporter -->
<testsuite skipped="0" hostname="Souradeep" name="com.health.core.ThirdTestIT" tests="1" failures="0" timestamp="08 Sep 2018 13:07:51 GMT" time="11.869" errors="0">
  <testcase name="test" time="11.869" classname="com.health.core.ThirdTestIT"/>
</testsuite> <!-- com.health.core.ThirdTestIT -->
