<?xml version="1.0" encoding="UTF-8"?>
<!-- Generated by org.testng.reporters.JUnitReportReporter -->
<testsuite skipped="0" hostname="Souradeep" name="com.health.core.FirstTestIT" tests="2" failures="0" timestamp="08 Sep 2018 13:07:51 GMT" time="21.882" errors="0">
  <testcase name="testOne" time="10.654" classname="com.health.core.FirstTestIT"/>
  <testcase name="testTwo" time="11.228" classname="com.health.core.FirstTestIT"/>
</testsuite> <!-- com.health.core.FirstTestIT -->
