<?xml version="1.0" encoding="UTF-8"?>
<!-- Generated by org.testng.reporters.JUnitReportReporter -->
<testsuite skipped="0" hostname="Souradeep" name="test.TestRun" tests="1" failures="0" timestamp="24 Jun 2018 11:32:59 GMT" time="50.710" errors="0">
  <testcase name="testVerifySignUp" time="50.710" classname="test.TestRun"/>
</testsuite> <!-- test.TestRun -->
